d:\programming\pj\contest~3\debug\contest~3.pch
d:\programming\pj\contest~3\debug\vc141.pdb
d:\programming\pj\contest~3\debug\vc141.idb
d:\programming\pj\contest~3\debug\dxut.obj
d:\programming\pj\contest~3\debug\scenemanager.obj
d:\programming\pj\contest~3\debug\objectmanager.obj
d:\programming\pj\contest~3\debug\object.obj
d:\programming\pj\contest~3\debug\mtile.obj
d:\programming\pj\contest~3\debug\mainscene.obj
d:\programming\pj\contest~3\debug\mainproc.obj
d:\programming\pj\contest~3\debug\loadscene.obj
d:\programming\pj\contest~3\debug\inputmanager.obj
d:\programming\pj\contest~3\debug\ingamescene.obj
d:\programming\pj\contest~3\debug\imagemanager.obj
d:\programming\pj\contest~3\debug\frame.obj
d:\programming\pj\contest~3\debug\forg.obj
d:\programming\pj\contest~3\debug\endingscene.obj
d:\programming\pj\contest~3\debug\effectmanager.obj
d:\programming\pj\contest~3\debug\eai.obj
d:\programming\pj\contest~3\debug\cameramanager.obj
d:\programming\pj\contest~3\debug\bullet.obj
d:\programming\pj\contest~3\debug\battleship.obj
d:\programming\pj\contest~3\debug\backworld.obj
d:\programming\pj\contest~3\debug\background.obj
d:\programming\pj\contest~3\debug\contest~3.obj
d:\programming\pj\contest~3\debug\sdkmisc.obj
d:\programming\pj\contest~3\debug\sdkmesh.obj
d:\programming\pj\contest~3\debug\dxutsettingsdlg.obj
d:\programming\pj\contest~3\debug\dxutres.obj
d:\programming\pj\contest~3\debug\dxutgui.obj
d:\programming\pj\contest~3\debug\dxutcamera.obj
d:\programming\pj\contest~3\debug\dxutmisc.obj
d:\programming\pj\contest~3\debug\dxutenum.obj
d:\programming\pj\contest~3\debug\uimanager.obj
d:\programming\pj\contest~3\debug\tile.obj
d:\programming\pj\contest~3\debug\textmanager.obj
d:\programming\pj\contest~3\debug\stagemanager.obj
d:\programming\pj\contest~3\debug\soundmanager.obj
d:\programming\pj\contest~3\debug\contest~3.ilk
d:\programming\pj\contest~3\debug\contest~3.exe
d:\programming\pj\contest~3\debug\contest~3.pdb
d:\programming\pj\contest~3\debug\contest~3.res
d:\programming\pj\contest~3\debug\contest~3.tlog\cl.command.1.tlog
d:\programming\pj\contest~3\debug\contest~3.tlog\cl.read.1.tlog
d:\programming\pj\contest~3\debug\contest~3.tlog\cl.write.1.tlog
d:\programming\pj\contest~3\debug\contest~3.tlog\link.command.1.tlog
d:\programming\pj\contest~3\debug\contest~3.tlog\link.read.1.tlog
d:\programming\pj\contest~3\debug\contest~3.tlog\link.write.1.tlog
d:\programming\pj\contest~3\debug\contest~3.tlog\rc.command.1.tlog
d:\programming\pj\contest~3\debug\contest~3.tlog\rc.read.1.tlog
d:\programming\pj\contest~3\debug\contest~3.tlog\rc.write.1.tlog
